desc: --stacks=yes
cmd: ./ackermann
time_unit: i
#-----------
snapshot=0
#-----------
time=0
mem_heap_B=0
mem_heap_extra_B=0
mem_stacks_B=0
heap_tree=empty
#-----------
snapshot=1
#-----------
time=43881248
mem_heap_B=0
mem_heap_extra_B=0
mem_stacks_B=6776
heap_tree=empty
#-----------
snapshot=2
#-----------
time=98264207
mem_heap_B=0
mem_heap_extra_B=0
mem_stacks_B=50536
heap_tree=empty
#-----------
snapshot=3
#-----------
time=164510131
mem_heap_B=0
mem_heap_extra_B=0
mem_stacks_B=42464
heap_tree=empty
#-----------
snapshot=4
#-----------
time=242250848
mem_heap_B=0
mem_heap_extra_B=0
mem_stacks_B=33064
heap_tree=empty
#-----------
snapshot=5
#-----------
time=305342282
mem_heap_B=0
mem_heap_extra_B=0
mem_stacks_B=60504
heap_tree=empty
#-----------
snapshot=6
#-----------
time=382974306
mem_heap_B=0
mem_heap_extra_B=0
mem_stacks_B=100208
heap_tree=detailed
n0: 0 (heap allocation functions) malloc/new/new[], --alloc-fns, etc.
#-----------
snapshot=7
#-----------
time=442306386
mem_heap_B=0
mem_heap_extra_B=0
mem_stacks_B=106608
heap_tree=detailed
n0: 0 (heap allocation functions) malloc/new/new[], --alloc-fns, etc.
#-----------
snapshot=8
#-----------
time=509082433
mem_heap_B=0
mem_heap_extra_B=0
mem_stacks_B=63976
heap_tree=empty
#-----------
snapshot=9
#-----------
time=554155112
mem_heap_B=0
mem_heap_extra_B=0
mem_stacks_B=99704
heap_tree=empty
#-----------
snapshot=10
#-----------
time=641968014
mem_heap_B=0
mem_heap_extra_B=0
mem_stacks_B=82024
heap_tree=empty
#-----------
snapshot=11
#-----------
time=694353396
mem_heap_B=0
mem_heap_extra_B=0
mem_stacks_B=125728
heap_tree=detailed
n0: 0 (heap allocation functions) malloc/new/new[], --alloc-fns, etc.
#-----------
snapshot=12
#-----------
time=758293671
mem_heap_B=0
mem_heap_extra_B=0
mem_stacks_B=76216
heap_tree=empty
#-----------
snapshot=13
#-----------
time=798161298
mem_heap_B=0
mem_heap_extra_B=0
mem_stacks_B=108264
heap_tree=empty
#-----------
snapshot=14
#-----------
time=873058510
mem_heap_B=0
mem_heap_extra_B=0
mem_stacks_B=89864
heap_tree=empty
#-----------
snapshot=15
#-----------
time=923756839
mem_heap_B=0
mem_heap_extra_B=0
mem_stacks_B=137976
heap_tree=empty
#-----------
snapshot=16
#-----------
time=1001527206
mem_heap_B=0
mem_heap_extra_B=0
mem_stacks_B=142208
heap_tree=detailed
n0: 0 (heap allocation functions) malloc/new/new[], --alloc-fns, etc.
#-----------
snapshot=17
#-----------
time=1053929020
mem_heap_B=0
mem_heap_extra_B=0
mem_stacks_B=70296
heap_tree=empty
#-----------
snapshot=18
#-----------
time=1094063404
mem_heap_B=0
mem_heap_extra_B=0
mem_stacks_B=154288
heap_tree=detailed
n0: 0 (heap allocation functions) malloc/new/new[], --alloc-fns, etc.
#-----------
snapshot=19
#-----------
time=1153878960
mem_heap_B=0
mem_heap_extra_B=0
mem_stacks_B=167408
heap_tree=detailed
n0: 0 (heap allocation functions) malloc/new/new[], --alloc-fns, etc.
#-----------
snapshot=20
#-----------
time=1192188530
mem_heap_B=0
mem_heap_extra_B=0
mem_stacks_B=172608
heap_tree=detailed
n0: 0 (heap allocation functions) malloc/new/new[], --alloc-fns, etc.
#-----------
snapshot=21
#-----------
time=1251155826
mem_heap_B=0
mem_heap_extra_B=0
mem_stacks_B=162056
heap_tree=empty
#-----------
snapshot=22
#-----------
time=1337441924
mem_heap_B=0
mem_heap_extra_B=0
mem_stacks_B=147144
heap_tree=empty
#-----------
snapshot=23
#-----------
time=1386026992
mem_heap_B=0
mem_heap_extra_B=0
mem_stacks_B=175304
heap_tree=empty
#-----------
snapshot=24
#-----------
time=1439132521
mem_heap_B=0
mem_heap_extra_B=0
mem_stacks_B=193976
heap_tree=empty
#-----------
snapshot=25
#-----------
time=1499257668
mem_heap_B=0
mem_heap_extra_B=0
mem_stacks_B=156184
heap_tree=empty
#-----------
snapshot=26
#-----------
time=1583438954
mem_heap_B=0
mem_heap_extra_B=0
mem_stacks_B=203088
heap_tree=detailed
n0: 0 (heap allocation functions) malloc/new/new[], --alloc-fns, etc.
#-----------
snapshot=27
#-----------
time=1637122374
mem_heap_B=0
mem_heap_extra_B=0
mem_stacks_B=164984
heap_tree=empty
#-----------
snapshot=28
#-----------
time=1715262244
mem_heap_B=0
mem_heap_extra_B=0
mem_stacks_B=103336
heap_tree=empty
#-----------
snapshot=29
#-----------
time=1757927316
mem_heap_B=0
mem_heap_extra_B=0
mem_stacks_B=84424
heap_tree=empty
#-----------
snapshot=30
#-----------
time=1818625699
mem_heap_B=0
mem_heap_extra_B=0
mem_stacks_B=212696
heap_tree=empty
#-----------
snapshot=31
#-----------
time=1894504328
mem_heap_B=0
mem_heap_extra_B=0
mem_stacks_B=154264
heap_tree=empty
#-----------
snapshot=32
#-----------
time=1927710346
mem_heap_B=0
mem_heap_extra_B=0
mem_stacks_B=207304
heap_tree=empty
#-----------
snapshot=33
#-----------
time=2002437219
mem_heap_B=0
mem_heap_extra_B=0
mem_stacks_B=143576
heap_tree=empty
#-----------
snapshot=34
#-----------
time=2055719415
mem_heap_B=0
mem_heap_extra_B=0
mem_stacks_B=135176
heap_tree=empty
#-----------
snapshot=35
#-----------
time=2112526189
mem_heap_B=0
mem_heap_extra_B=0
mem_stacks_B=145576
heap_tree=empty
#-----------
snapshot=36
#-----------
time=2170983017
mem_heap_B=0
mem_heap_extra_B=0
mem_stacks_B=205416
heap_tree=empty
#-----------
snapshot=37
#-----------
time=2231089848
mem_heap_B=0
mem_heap_extra_B=0
mem_stacks_B=128024
heap_tree=empty
#-----------
snapshot=38
#-----------
time=2292846754
mem_heap_B=0
mem_heap_extra_B=0
mem_stacks_B=155976
heap_tree=empty
#-----------
snapshot=39
#-----------
time=2358469566
mem_heap_B=0
mem_heap_extra_B=0
mem_stacks_B=119064
heap_tree=empty
#-----------
snapshot=40
#-----------
time=2425858170
mem_heap_B=0
mem_heap_extra_B=0
mem_stacks_B=220856
heap_tree=empty
#-----------
snapshot=41
#-----------
time=2495012560
mem_heap_B=0
mem_heap_extra_B=0
mem_stacks_B=145816
heap_tree=empty
#-----------
snapshot=42
#-----------
time=2568327183
mem_heap_B=0
mem_heap_extra_B=0
mem_stacks_B=80784
heap_tree=empty
#-----------
snapshot=43
#-----------
time=2613499263
mem_heap_B=0
mem_heap_extra_B=0
mem_stacks_B=138056
heap_tree=empty
#-----------
snapshot=44
#-----------
time=2688699359
mem_heap_B=0
mem_heap_extra_B=0
mem_stacks_B=101976
heap_tree=empty
#-----------
snapshot=45
#-----------
time=2765784956
mem_heap_B=0
mem_heap_extra_B=0
mem_stacks_B=171096
heap_tree=empty
#-----------
snapshot=46
#-----------
time=2824748827
mem_heap_B=0
mem_heap_extra_B=0
mem_stacks_B=81816
heap_tree=empty
#-----------
snapshot=47
#-----------
time=2908307873
mem_heap_B=0
mem_heap_extra_B=0
mem_stacks_B=208056
heap_tree=empty
#-----------
snapshot=48
#-----------
time=2948703904
mem_heap_B=0
mem_heap_extra_B=0
mem_stacks_B=256288
heap_tree=detailed
n0: 0 (heap allocation functions) malloc/new/new[], --alloc-fns, etc.
#-----------
snapshot=49
#-----------
time=2971289920
mem_heap_B=0
mem_heap_extra_B=0
mem_stacks_B=221416
heap_tree=empty
#-----------
snapshot=50
#-----------
time=3004495972
mem_heap_B=0
mem_heap_extra_B=0
mem_stacks_B=138344
heap_tree=empty
#-----------
snapshot=51
#-----------
time=3037701993
mem_heap_B=0
mem_heap_extra_B=0
mem_stacks_B=105016
heap_tree=empty
#-----------
snapshot=52
#-----------
time=3039050248
mem_heap_B=0
mem_heap_extra_B=0
mem_stacks_B=258928
heap_tree=detailed
n0: 0 (heap allocation functions) malloc/new/new[], --alloc-fns, etc.
#-----------
snapshot=53
#-----------
time=3072256280
mem_heap_B=0
mem_heap_extra_B=0
mem_stacks_B=37384
heap_tree=empty
#-----------
snapshot=54
#-----------
time=3105462330
mem_heap_B=0
mem_heap_extra_B=0
mem_stacks_B=247176
heap_tree=empty
#-----------
snapshot=55
#-----------
time=3131533210
mem_heap_B=0
mem_heap_extra_B=0
mem_stacks_B=261568
heap_tree=detailed
n0: 0 (heap allocation functions) malloc/new/new[], --alloc-fns, etc.
#-----------
snapshot=56
#-----------
time=3164739230
mem_heap_B=0
mem_heap_extra_B=0
mem_stacks_B=260864
heap_tree=empty
#-----------
snapshot=57
#-----------
time=3197945262
mem_heap_B=0
mem_heap_extra_B=0
mem_stacks_B=178984
heap_tree=empty
#-----------
snapshot=58
#-----------
time=3226152790
mem_heap_B=0
mem_heap_extra_B=0
mem_stacks_B=264208
heap_tree=detailed
n0: 0 (heap allocation functions) malloc/new/new[], --alloc-fns, etc.
#-----------
snapshot=59
#-----------
time=3259358814
mem_heap_B=0
mem_heap_extra_B=0
mem_stacks_B=124536
heap_tree=empty
#-----------
snapshot=60
#-----------
time=3292564836
mem_heap_B=0
mem_heap_extra_B=0
mem_stacks_B=76944
heap_tree=empty
#-----------
snapshot=61
#-----------
time=3325770868
mem_heap_B=0
mem_heap_extra_B=0
mem_stacks_B=131176
heap_tree=empty
#-----------
snapshot=62
#-----------
time=3325874348
mem_heap_B=0
mem_heap_extra_B=0
mem_stacks_B=266928
heap_tree=detailed
n0: 0 (heap allocation functions) malloc/new/new[], --alloc-fns, etc.
#-----------
snapshot=63
#-----------
time=3359080380
mem_heap_B=0
mem_heap_extra_B=0
mem_stacks_B=58504
heap_tree=empty
#-----------
snapshot=64
#-----------
time=3392286420
mem_heap_B=0
mem_heap_extra_B=0
mem_stacks_B=253784
heap_tree=empty
#-----------
snapshot=65
#-----------
time=3425492448
mem_heap_B=0
mem_heap_extra_B=0
mem_stacks_B=252376
heap_tree=empty
#-----------
snapshot=66
#-----------
time=3427863978
mem_heap_B=0
mem_heap_extra_B=0
mem_stacks_B=269648
heap_tree=detailed
n0: 0 (heap allocation functions) malloc/new/new[], --alloc-fns, etc.
#-----------
snapshot=67
#-----------
time=3461070028
mem_heap_B=0
mem_heap_extra_B=0
mem_stacks_B=165144
heap_tree=empty
#-----------
snapshot=68
#-----------
time=3494276058
mem_heap_B=0
mem_heap_extra_B=0
mem_stacks_B=131976
heap_tree=empty
#-----------
snapshot=69
#-----------
time=3527482116
mem_heap_B=0
mem_heap_extra_B=0
mem_stacks_B=56856
heap_tree=empty
#-----------
snapshot=70
#-----------
time=3532121680
mem_heap_B=0
mem_heap_extra_B=0
mem_stacks_B=272368
heap_tree=detailed
n0: 0 (heap allocation functions) malloc/new/new[], --alloc-fns, etc.
#-----------
snapshot=71
#-----------
time=3565327700
mem_heap_B=0
mem_heap_extra_B=0
mem_stacks_B=222664
heap_tree=empty
#-----------
snapshot=72
#-----------
time=3598533745
mem_heap_B=0
mem_heap_extra_B=0
mem_stacks_B=60856
heap_tree=empty
#-----------
snapshot=73
#-----------
time=3631739782
mem_heap_B=0
mem_heap_extra_B=0
mem_stacks_B=68104
heap_tree=empty
#-----------
snapshot=74
#-----------
time=3641814900
mem_heap_B=0
mem_heap_extra_B=0
mem_stacks_B=275168
heap_tree=detailed
n0: 0 (heap allocation functions) malloc/new/new[], --alloc-fns, etc.
#-----------
snapshot=75
#-----------
time=3675020926
mem_heap_B=0
mem_heap_extra_B=0
mem_stacks_B=265064
heap_tree=empty
#-----------
snapshot=76
#-----------
time=3708226990
mem_heap_B=0
mem_heap_extra_B=0
mem_stacks_B=17304
heap_tree=empty
#-----------
snapshot=77
#-----------
time=3741433032
mem_heap_B=0
mem_heap_extra_B=0
mem_stacks_B=118744
heap_tree=empty
#-----------
snapshot=78
#-----------
time=3753911570
mem_heap_B=0
mem_heap_extra_B=0
mem_stacks_B=277968
heap_tree=detailed
n0: 0 (heap allocation functions) malloc/new/new[], --alloc-fns, etc.
#-----------
snapshot=79
#-----------
time=3787117614
mem_heap_B=0
mem_heap_extra_B=0
mem_stacks_B=256744
heap_tree=empty
#-----------
snapshot=80
#-----------
time=3820323671
mem_heap_B=0
mem_heap_extra_B=0
mem_stacks_B=45336
heap_tree=empty
#-----------
snapshot=81
#-----------
time=3853529716
mem_heap_B=0
mem_heap_extra_B=0
mem_stacks_B=18264
heap_tree=empty
#-----------
snapshot=82
#-----------
time=3868411690
mem_heap_B=0
mem_heap_extra_B=0
mem_stacks_B=280768
heap_tree=detailed
n0: 0 (heap allocation functions) malloc/new/new[], --alloc-fns, etc.
#-----------
snapshot=83
#-----------
time=3901617716
mem_heap_B=0
mem_heap_extra_B=0
mem_stacks_B=197784
heap_tree=empty
#-----------
snapshot=84
#-----------
time=3934823758
mem_heap_B=0
mem_heap_extra_B=0
mem_stacks_B=156856
heap_tree=empty
#-----------
snapshot=85
#-----------
time=3968029783
mem_heap_B=0
mem_heap_extra_B=0
mem_stacks_B=199184
heap_tree=empty
#-----------
snapshot=86
#-----------
time=3988690678
mem_heap_B=0
mem_heap_extra_B=0
mem_stacks_B=283648
heap_tree=detailed
n0: 0 (heap allocation functions) malloc/new/new[], --alloc-fns, etc.
#-----------
snapshot=87
#-----------
time=4021896730
mem_heap_B=0
mem_heap_extra_B=0
mem_stacks_B=120104
heap_tree=empty
#-----------
snapshot=88
#-----------
time=4055102778
mem_heap_B=0
mem_heap_extra_B=0
mem_stacks_B=269224
heap_tree=empty
#-----------
snapshot=89
#-----------
time=4088308812
mem_heap_B=0
mem_heap_extra_B=0
mem_stacks_B=95064
heap_tree=empty
#-----------
snapshot=90
#-----------
time=4111512418
mem_heap_B=0
mem_heap_extra_B=0
mem_stacks_B=286528
heap_tree=detailed
n0: 0 (heap allocation functions) malloc/new/new[], --alloc-fns, etc.
#-----------
snapshot=91
#-----------
time=4144718438
mem_heap_B=0
mem_heap_extra_B=0
mem_stacks_B=15816
heap_tree=empty
#-----------
snapshot=92
#-----------
time=4177924494
mem_heap_B=0
mem_heap_extra_B=0
mem_stacks_B=12616
heap_tree=empty
#-----------
snapshot=93
#-----------
time=4211130515
mem_heap_B=0
mem_heap_extra_B=0
mem_stacks_B=284864
heap_tree=empty
#-----------
snapshot=94
#-----------
time=4236876910
mem_heap_B=0
mem_heap_extra_B=0
mem_stacks_B=289408
heap_tree=peak
n0: 0 (heap allocation functions) malloc/new/new[], --alloc-fns, etc.
#-----------
snapshot=95
#-----------
time=4270082928
mem_heap_B=0
mem_heap_extra_B=0
mem_stacks_B=153896
heap_tree=empty
#-----------
snapshot=96
#-----------
time=4303288990
mem_heap_B=0
mem_heap_extra_B=0
mem_stacks_B=270424
heap_tree=empty
