desc: --stacks=yes
cmd: ./ackermann
time_unit: i
#-----------
snapshot=0
#-----------
time=0
mem_heap_B=0
mem_heap_extra_B=0
mem_stacks_B=0
heap_tree=empty
#-----------
snapshot=1
#-----------
time=265595547
mem_heap_B=0
mem_heap_extra_B=0
mem_stacks_B=39304
heap_tree=empty
#-----------
snapshot=2
#-----------
time=571076331
mem_heap_B=0
mem_heap_extra_B=0
mem_stacks_B=30264
heap_tree=empty
#-----------
snapshot=3
#-----------
time=792994330
mem_heap_B=0
mem_heap_extra_B=0
mem_stacks_B=63656
heap_tree=empty
#-----------
snapshot=4
#-----------
time=1060473763
mem_heap_B=0
mem_heap_extra_B=0
mem_stacks_B=66984
heap_tree=empty
#-----------
snapshot=5
#-----------
time=1407164852
mem_heap_B=0
mem_heap_extra_B=0
mem_stacks_B=145816
heap_tree=empty
#-----------
snapshot=6
#-----------
time=1559410915
mem_heap_B=0
mem_heap_extra_B=0
mem_stacks_B=142296
heap_tree=empty
#-----------
snapshot=7
#-----------
time=1782564180
mem_heap_B=0
mem_heap_extra_B=0
mem_stacks_B=91736
heap_tree=empty
#-----------
snapshot=8
#-----------
time=1969323247
mem_heap_B=0
mem_heap_extra_B=0
mem_stacks_B=109384
heap_tree=empty
#-----------
snapshot=9
#-----------
time=2228979931
mem_heap_B=0
mem_heap_extra_B=0
mem_stacks_B=110504
heap_tree=empty
#-----------
snapshot=10
#-----------
time=2573205911
mem_heap_B=0
mem_heap_extra_B=0
mem_stacks_B=141656
heap_tree=empty
#-----------
snapshot=11
#-----------
time=2779290843
mem_heap_B=0
mem_heap_extra_B=0
mem_stacks_B=251168
heap_tree=detailed
n0: 0 (heap allocation functions) malloc/new/new[], --alloc-fns, etc.
#-----------
snapshot=12
#-----------
time=3121933822
mem_heap_B=0
mem_heap_extra_B=0
mem_stacks_B=49656
heap_tree=empty
#-----------
snapshot=13
#-----------
time=3482988131
mem_heap_B=0
mem_heap_extra_B=0
mem_stacks_B=100296
heap_tree=empty
#-----------
snapshot=14
#-----------
time=3741177803
mem_heap_B=0
mem_heap_extra_B=0
mem_stacks_B=67016
heap_tree=empty
#-----------
snapshot=15
#-----------
time=3912298861
mem_heap_B=0
mem_heap_extra_B=0
mem_stacks_B=272824
heap_tree=empty
#-----------
snapshot=16
#-----------
time=4155383889
mem_heap_B=0
mem_heap_extra_B=0
mem_stacks_B=202504
heap_tree=empty
#-----------
snapshot=17
#-----------
time=4324994312
mem_heap_B=0
mem_heap_extra_B=0
mem_stacks_B=236696
heap_tree=empty
#-----------
snapshot=18
#-----------
time=4522744415
mem_heap_B=0
mem_heap_extra_B=0
mem_stacks_B=326688
heap_tree=detailed
n0: 0 (heap allocation functions) malloc/new/new[], --alloc-fns, etc.
#-----------
snapshot=19
#-----------
time=4689856679
mem_heap_B=0
mem_heap_extra_B=0
mem_stacks_B=270904
heap_tree=empty
#-----------
snapshot=20
#-----------
time=4910467303
mem_heap_B=0
mem_heap_extra_B=0
mem_stacks_B=314104
heap_tree=empty
#-----------
snapshot=21
#-----------
time=5242870803
mem_heap_B=0
mem_heap_extra_B=0
mem_stacks_B=368608
heap_tree=detailed
n0: 0 (heap allocation functions) malloc/new/new[], --alloc-fns, etc.
#-----------
snapshot=22
#-----------
time=5587423264
mem_heap_B=0
mem_heap_extra_B=0
mem_stacks_B=213496
heap_tree=empty
#-----------
snapshot=23
#-----------
time=5804489891
mem_heap_B=0
mem_heap_extra_B=0
mem_stacks_B=272184
heap_tree=empty
#-----------
snapshot=24
#-----------
time=6044729561
mem_heap_B=0
mem_heap_extra_B=0
mem_stacks_B=218264
heap_tree=empty
#-----------
snapshot=25
#-----------
time=6231188759
mem_heap_B=0
mem_heap_extra_B=0
mem_stacks_B=226744
heap_tree=empty
#-----------
snapshot=26
#-----------
time=6451779343
mem_heap_B=0
mem_heap_extra_B=0
mem_stacks_B=408664
heap_tree=empty
#-----------
snapshot=27
#-----------
time=6655994546
mem_heap_B=0
mem_heap_extra_B=0
mem_stacks_B=379016
heap_tree=empty
#-----------
snapshot=28
#-----------
time=6916140753
mem_heap_B=0
mem_heap_extra_B=0
mem_stacks_B=418744
heap_tree=empty
#-----------
snapshot=29
#-----------
time=7142365463
mem_heap_B=0
mem_heap_extra_B=0
mem_stacks_B=289304
heap_tree=empty
#-----------
snapshot=30
#-----------
time=7391758225
mem_heap_B=0
mem_heap_extra_B=0
mem_stacks_B=432848
heap_tree=detailed
n0: 0 (heap allocation functions) malloc/new/new[], --alloc-fns, etc.
#-----------
snapshot=31
#-----------
time=7585235685
mem_heap_B=0
mem_heap_extra_B=0
mem_stacks_B=437248
heap_tree=detailed
n0: 0 (heap allocation functions) malloc/new/new[], --alloc-fns, etc.
#-----------
snapshot=32
#-----------
time=7784648195
mem_heap_B=0
mem_heap_extra_B=0
mem_stacks_B=441648
heap_tree=detailed
n0: 0 (heap allocation functions) malloc/new/new[], --alloc-fns, etc.
#-----------
snapshot=33
#-----------
time=7993784283
mem_heap_B=0
mem_heap_extra_B=0
mem_stacks_B=446128
heap_tree=detailed
n0: 0 (heap allocation functions) malloc/new/new[], --alloc-fns, etc.
#-----------
snapshot=34
#-----------
time=8186245199
mem_heap_B=0
mem_heap_extra_B=0
mem_stacks_B=281784
heap_tree=empty
#-----------
snapshot=35
#-----------
time=8434525189
mem_heap_B=0
mem_heap_extra_B=0
mem_stacks_B=455168
heap_tree=detailed
n0: 0 (heap allocation functions) malloc/new/new[], --alloc-fns, etc.
#-----------
snapshot=36
#-----------
time=8762582165
mem_heap_B=0
mem_heap_extra_B=0
mem_stacks_B=402616
heap_tree=empty
#-----------
snapshot=37
#-----------
time=9005019063
mem_heap_B=0
mem_heap_extra_B=0
mem_stacks_B=187944
heap_tree=empty
#-----------
snapshot=38
#-----------
time=9354638273
mem_heap_B=0
mem_heap_extra_B=0
mem_stacks_B=416664
heap_tree=empty
#-----------
snapshot=39
#-----------
time=9694029053
mem_heap_B=0
mem_heap_extra_B=0
mem_stacks_B=478608
heap_tree=detailed
n0: 0 (heap allocation functions) malloc/new/new[], --alloc-fns, etc.
#-----------
snapshot=40
#-----------
time=9886489947
mem_heap_B=0
mem_heap_extra_B=0
mem_stacks_B=165784
heap_tree=empty
#-----------
snapshot=41
#-----------
time=10068955945
mem_heap_B=0
mem_heap_extra_B=0
mem_stacks_B=183544
heap_tree=empty
#-----------
snapshot=42
#-----------
time=10263307675
mem_heap_B=0
mem_heap_extra_B=0
mem_stacks_B=488288
heap_tree=detailed
n0: 0 (heap allocation functions) malloc/new/new[], --alloc-fns, etc.
#-----------
snapshot=43
#-----------
time=10455768555
mem_heap_B=0
mem_heap_extra_B=0
mem_stacks_B=274104
heap_tree=empty
#-----------
snapshot=44
#-----------
time=10662365048
mem_heap_B=0
mem_heap_extra_B=0
mem_stacks_B=106936
heap_tree=empty
#-----------
snapshot=45
#-----------
time=10854825949
mem_heap_B=0
mem_heap_extra_B=0
mem_stacks_B=101816
heap_tree=empty
#-----------
snapshot=46
#-----------
time=11068964325
mem_heap_B=0
mem_heap_extra_B=0
mem_stacks_B=133384
heap_tree=empty
#-----------
snapshot=47
#-----------
time=11392064477
mem_heap_B=0
mem_heap_extra_B=0
mem_stacks_B=100424
heap_tree=empty
#-----------
snapshot=48
#-----------
time=11530490925
mem_heap_B=0
mem_heap_extra_B=0
mem_stacks_B=508288
heap_tree=detailed
n0: 0 (heap allocation functions) malloc/new/new[], --alloc-fns, etc.
#-----------
snapshot=49
#-----------
time=11626721343
mem_heap_B=0
mem_heap_extra_B=0
mem_stacks_B=74904
heap_tree=empty
#-----------
snapshot=50
#-----------
time=11765147835
mem_heap_B=0
mem_heap_extra_B=0
mem_stacks_B=274344
heap_tree=empty
#-----------
snapshot=51
#-----------
time=11874604013
mem_heap_B=0
mem_heap_extra_B=0
mem_stacks_B=513408
heap_tree=detailed
n0: 0 (heap allocation functions) malloc/new/new[], --alloc-fns, etc.
#-----------
snapshot=52
#-----------
time=12013030467
mem_heap_B=0
mem_heap_extra_B=0
mem_stacks_B=508696
heap_tree=empty
#-----------
snapshot=53
#-----------
time=12151456924
mem_heap_B=0
mem_heap_extra_B=0
mem_stacks_B=466856
heap_tree=empty
#-----------
snapshot=54
#-----------
time=12232319553
mem_heap_B=0
mem_heap_extra_B=0
mem_stacks_B=518608
heap_tree=detailed
n0: 0 (heap allocation functions) malloc/new/new[], --alloc-fns, etc.
#-----------
snapshot=55
#-----------
time=12370746026
mem_heap_B=0
mem_heap_extra_B=0
mem_stacks_B=368776
heap_tree=empty
#-----------
snapshot=56
#-----------
time=12509172521
mem_heap_B=0
mem_heap_extra_B=0
mem_stacks_B=290056
heap_tree=empty
#-----------
snapshot=57
#-----------
time=12598324543
mem_heap_B=0
mem_heap_extra_B=0
mem_stacks_B=523808
heap_tree=detailed
n0: 0 (heap allocation functions) malloc/new/new[], --alloc-fns, etc.
#-----------
snapshot=58
#-----------
time=12736750999
mem_heap_B=0
mem_heap_extra_B=0
mem_stacks_B=413904
heap_tree=empty
#-----------
snapshot=59
#-----------
time=12875177489
mem_heap_B=0
mem_heap_extra_B=0
mem_stacks_B=481656
heap_tree=empty
#-----------
snapshot=60
#-----------
time=12978442105
mem_heap_B=0
mem_heap_extra_B=0
mem_stacks_B=529088
heap_tree=detailed
n0: 0 (heap allocation functions) malloc/new/new[], --alloc-fns, etc.
#-----------
snapshot=61
#-----------
time=13116868569
mem_heap_B=0
mem_heap_extra_B=0
mem_stacks_B=464504
heap_tree=empty
#-----------
snapshot=62
#-----------
time=13255295054
mem_heap_B=0
mem_heap_extra_B=0
mem_stacks_B=58456
heap_tree=empty
#-----------
snapshot=63
#-----------
time=13373060715
mem_heap_B=0
mem_heap_extra_B=0
mem_stacks_B=534448
heap_tree=detailed
n0: 0 (heap allocation functions) malloc/new/new[], --alloc-fns, etc.
#-----------
snapshot=64
#-----------
time=13511487179
mem_heap_B=0
mem_heap_extra_B=0
mem_stacks_B=98024
heap_tree=empty
#-----------
snapshot=65
#-----------
time=13649913667
mem_heap_B=0
mem_heap_extra_B=0
mem_stacks_B=288504
heap_tree=empty
#-----------
snapshot=66
#-----------
time=13776486743
mem_heap_B=0
mem_heap_extra_B=0
mem_stacks_B=539808
heap_tree=detailed
n0: 0 (heap allocation functions) malloc/new/new[], --alloc-fns, etc.
#-----------
snapshot=67
#-----------
time=13914913205
mem_heap_B=0
mem_heap_extra_B=0
mem_stacks_B=476216
heap_tree=empty
#-----------
snapshot=68
#-----------
time=14053339693
mem_heap_B=0
mem_heap_extra_B=0
mem_stacks_B=102104
heap_tree=empty
#-----------
snapshot=69
#-----------
time=14191766185
mem_heap_B=0
mem_heap_extra_B=0
mem_stacks_B=75144
heap_tree=empty
#-----------
snapshot=70
#-----------
time=14194939635
mem_heap_B=0
mem_heap_extra_B=0
mem_stacks_B=545248
heap_tree=detailed
n0: 0 (heap allocation functions) malloc/new/new[], --alloc-fns, etc.
#-----------
snapshot=71
#-----------
time=14333366125
mem_heap_B=0
mem_heap_extra_B=0
mem_stacks_B=167096
heap_tree=empty
#-----------
snapshot=72
#-----------
time=14471792577
mem_heap_B=0
mem_heap_extra_B=0
mem_stacks_B=356464
heap_tree=empty
#-----------
snapshot=73
#-----------
time=14610219046
mem_heap_B=0
mem_heap_extra_B=0
mem_stacks_B=225816
heap_tree=empty
#-----------
snapshot=74
#-----------
time=14628819639
mem_heap_B=0
mem_heap_extra_B=0
mem_stacks_B=550768
heap_tree=detailed
n0: 0 (heap allocation functions) malloc/new/new[], --alloc-fns, etc.
#-----------
snapshot=75
#-----------
time=14767246123
mem_heap_B=0
mem_heap_extra_B=0
mem_stacks_B=124424
heap_tree=empty
#-----------
snapshot=76
#-----------
time=14905672581
mem_heap_B=0
mem_heap_extra_B=0
mem_stacks_B=40424
heap_tree=empty
#-----------
snapshot=77
#-----------
time=15044099073
mem_heap_B=0
mem_heap_extra_B=0
mem_stacks_B=275304
heap_tree=empty
#-----------
snapshot=78
#-----------
time=15072040725
mem_heap_B=0
mem_heap_extra_B=0
mem_stacks_B=556288
heap_tree=detailed
n0: 0 (heap allocation functions) malloc/new/new[], --alloc-fns, etc.
#-----------
snapshot=79
#-----------
time=15210467211
mem_heap_B=0
mem_heap_extra_B=0
mem_stacks_B=179064
heap_tree=empty
#-----------
snapshot=80
#-----------
time=15348893665
mem_heap_B=0
mem_heap_extra_B=0
mem_stacks_B=57224
heap_tree=empty
#-----------
snapshot=81
#-----------
time=15487320115
mem_heap_B=0
mem_heap_extra_B=0
mem_stacks_B=167624
heap_tree=empty
#-----------
snapshot=82
#-----------
time=15531230435
mem_heap_B=0
mem_heap_extra_B=0
mem_stacks_B=561888
heap_tree=detailed
n0: 0 (heap allocation functions) malloc/new/new[], --alloc-fns, etc.
#-----------
snapshot=83
#-----------
time=15669656885
mem_heap_B=0
mem_heap_extra_B=0
mem_stacks_B=101944
heap_tree=empty
#-----------
snapshot=84
#-----------
time=15808083380
mem_heap_B=0
mem_heap_extra_B=0
mem_stacks_B=180776
heap_tree=empty
#-----------
snapshot=85
#-----------
time=15946509866
mem_heap_B=0
mem_heap_extra_B=0
mem_stacks_B=291416
heap_tree=empty
#-----------
snapshot=86
#-----------
time=16006800789
mem_heap_B=0
mem_heap_extra_B=0
mem_stacks_B=567568
heap_tree=detailed
n0: 0 (heap allocation functions) malloc/new/new[], --alloc-fns, etc.
#-----------
snapshot=87
#-----------
time=16145227281
mem_heap_B=0
mem_heap_extra_B=0
mem_stacks_B=112776
heap_tree=empty
#-----------
snapshot=88
#-----------
time=16283653743
mem_heap_B=0
mem_heap_extra_B=0
mem_stacks_B=561304
heap_tree=empty
#-----------
snapshot=89
#-----------
time=16422080225
mem_heap_B=0
mem_heap_extra_B=0
mem_stacks_B=35224
heap_tree=empty
#-----------
snapshot=90
#-----------
time=16492261585
mem_heap_B=0
mem_heap_extra_B=0
mem_stacks_B=573248
heap_tree=detailed
n0: 0 (heap allocation functions) malloc/new/new[], --alloc-fns, etc.
#-----------
snapshot=91
#-----------
time=16630688043
mem_heap_B=0
mem_heap_extra_B=0
mem_stacks_B=432536
heap_tree=empty
#-----------
snapshot=92
#-----------
time=16769114522
mem_heap_B=0
mem_heap_extra_B=0
mem_stacks_B=280536
heap_tree=empty
#-----------
snapshot=93
#-----------
time=16907540974
mem_heap_B=0
mem_heap_extra_B=0
mem_stacks_B=134224
heap_tree=empty
#-----------
snapshot=94
#-----------
time=16994660233
mem_heap_B=0
mem_heap_extra_B=0
mem_stacks_B=579008
heap_tree=peak
n0: 0 (heap allocation functions) malloc/new/new[], --alloc-fns, etc.
#-----------
snapshot=95
#-----------
time=17133086685
mem_heap_B=0
mem_heap_extra_B=0
mem_stacks_B=220424
heap_tree=empty
#-----------
snapshot=96
#-----------
time=17271513170
mem_heap_B=0
mem_heap_extra_B=0
mem_stacks_B=164936
heap_tree=empty
