desc: --stacks=yes
cmd: ./ackermann
time_unit: i
#-----------
snapshot=0
#-----------
time=0
mem_heap_B=0
mem_heap_extra_B=0
mem_stacks_B=0
heap_tree=empty
#-----------
snapshot=1
#-----------
time=207463947
mem_heap_B=0
mem_heap_extra_B=0
mem_stacks_B=43280
heap_tree=empty
#-----------
snapshot=2
#-----------
time=469338791
mem_heap_B=0
mem_heap_extra_B=0
mem_stacks_B=71272
heap_tree=empty
#-----------
snapshot=3
#-----------
time=588691487
mem_heap_B=0
mem_heap_extra_B=0
mem_stacks_B=197776
heap_tree=empty
#-----------
snapshot=4
#-----------
time=775006957
mem_heap_B=0
mem_heap_extra_B=0
mem_stacks_B=241328
heap_tree=empty
#-----------
snapshot=5
#-----------
time=963598453
mem_heap_B=0
mem_heap_extra_B=0
mem_stacks_B=227440
heap_tree=empty
#-----------
snapshot=6
#-----------
time=1122819583
mem_heap_B=0
mem_heap_extra_B=0
mem_stacks_B=231848
heap_tree=empty
#-----------
snapshot=7
#-----------
time=1237669199
mem_heap_B=0
mem_heap_extra_B=0
mem_stacks_B=333448
heap_tree=empty
#-----------
snapshot=8
#-----------
time=1423359887
mem_heap_B=0
mem_heap_extra_B=0
mem_stacks_B=362344
heap_tree=empty
#-----------
snapshot=9
#-----------
time=1575663179
mem_heap_B=0
mem_heap_extra_B=0
mem_stacks_B=232976
heap_tree=empty
#-----------
snapshot=10
#-----------
time=1838297086
mem_heap_B=0
mem_heap_extra_B=0
mem_stacks_B=425760
heap_tree=detailed
n0: 0 (heap allocation functions) malloc/new/new[], --alloc-fns, etc.
#-----------
snapshot=11
#-----------
time=2079507297
mem_heap_B=0
mem_heap_extra_B=0
mem_stacks_B=268848
heap_tree=empty
#-----------
snapshot=12
#-----------
time=2241139625
mem_heap_B=0
mem_heap_extra_B=0
mem_stacks_B=79216
heap_tree=empty
#-----------
snapshot=13
#-----------
time=2353017165
mem_heap_B=0
mem_heap_extra_B=0
mem_stacks_B=381360
heap_tree=empty
#-----------
snapshot=14
#-----------
time=2513030073
mem_heap_B=0
mem_heap_extra_B=0
mem_stacks_B=195888
heap_tree=empty
#-----------
snapshot=15
#-----------
time=2663076271
mem_heap_B=0
mem_heap_extra_B=0
mem_stacks_B=226960
heap_tree=empty
#-----------
snapshot=16
#-----------
time=2882537341
mem_heap_B=0
mem_heap_extra_B=0
mem_stacks_B=173488
heap_tree=empty
#-----------
snapshot=17
#-----------
time=3058218303
mem_heap_B=0
mem_heap_extra_B=0
mem_stacks_B=375816
heap_tree=empty
#-----------
snapshot=18
#-----------
time=3278878831
mem_heap_B=0
mem_heap_extra_B=0
mem_stacks_B=103112
heap_tree=empty
#-----------
snapshot=19
#-----------
time=3426871910
mem_heap_B=0
mem_heap_extra_B=0
mem_stacks_B=552032
heap_tree=detailed
n0: 0 (heap allocation functions) malloc/new/new[], --alloc-fns, etc.
#-----------
snapshot=20
#-----------
time=3598124008
mem_heap_B=0
mem_heap_extra_B=0
mem_stacks_B=597888
heap_tree=detailed
n0: 0 (heap allocation functions) malloc/new/new[], --alloc-fns, etc.
#-----------
snapshot=21
#-----------
time=3742964067
mem_heap_B=0
mem_heap_extra_B=0
mem_stacks_B=448784
heap_tree=empty
#-----------
snapshot=22
#-----------
time=3902501606
mem_heap_B=0
mem_heap_extra_B=0
mem_stacks_B=641120
heap_tree=detailed
n0: 0 (heap allocation functions) malloc/new/new[], --alloc-fns, etc.
#-----------
snapshot=23
#-----------
time=4135065535
mem_heap_B=0
mem_heap_extra_B=0
mem_stacks_B=611152
heap_tree=empty
#-----------
snapshot=24
#-----------
time=4275976377
mem_heap_B=0
mem_heap_extra_B=0
mem_stacks_B=647208
heap_tree=empty
#-----------
snapshot=25
#-----------
time=4433131131
mem_heap_B=0
mem_heap_extra_B=0
mem_stacks_B=434088
heap_tree=empty
#-----------
snapshot=26
#-----------
time=4607303171
mem_heap_B=0
mem_heap_extra_B=0
mem_stacks_B=621416
heap_tree=empty
#-----------
snapshot=27
#-----------
time=4800186661
mem_heap_B=0
mem_heap_extra_B=0
mem_stacks_B=499888
heap_tree=empty
#-----------
snapshot=28
#-----------
time=5061813587
mem_heap_B=0
mem_heap_extra_B=0
mem_stacks_B=728584
heap_tree=empty
#-----------
snapshot=29
#-----------
time=5175417277
mem_heap_B=0
mem_heap_extra_B=0
mem_stacks_B=569392
heap_tree=empty
#-----------
snapshot=30
#-----------
time=5417820155
mem_heap_B=0
mem_heap_extra_B=0
mem_stacks_B=550184
heap_tree=empty
#-----------
snapshot=31
#-----------
time=5632343369
mem_heap_B=0
mem_heap_extra_B=0
mem_stacks_B=514608
heap_tree=empty
#-----------
snapshot=32
#-----------
time=5869453936
mem_heap_B=0
mem_heap_extra_B=0
mem_stacks_B=782656
heap_tree=detailed
n0: 0 (heap allocation functions) malloc/new/new[], --alloc-fns, etc.
#-----------
snapshot=33
#-----------
time=6013577827
mem_heap_B=0
mem_heap_extra_B=0
mem_stacks_B=615464
heap_tree=empty
#-----------
snapshot=34
#-----------
time=6252854243
mem_heap_B=0
mem_heap_extra_B=0
mem_stacks_B=693672
heap_tree=empty
#-----------
snapshot=35
#-----------
time=6417792255
mem_heap_B=0
mem_heap_extra_B=0
mem_stacks_B=785232
heap_tree=empty
#-----------
snapshot=36
#-----------
time=6589545353
mem_heap_B=0
mem_heap_extra_B=0
mem_stacks_B=746544
heap_tree=empty
#-----------
snapshot=37
#-----------
time=6839640635
mem_heap_B=0
mem_heap_extra_B=0
mem_stacks_B=379944
heap_tree=empty
#-----------
snapshot=38
#-----------
time=7072384550
mem_heap_B=0
mem_heap_extra_B=0
mem_stacks_B=839264
heap_tree=detailed
n0: 0 (heap allocation functions) malloc/new/new[], --alloc-fns, etc.
#-----------
snapshot=39
#-----------
time=7216508427
mem_heap_B=0
mem_heap_extra_B=0
mem_stacks_B=820560
heap_tree=empty
#-----------
snapshot=40
#-----------
time=7415657813
mem_heap_B=0
mem_heap_extra_B=0
mem_stacks_B=697904
heap_tree=empty
#-----------
snapshot=41
#-----------
time=7549576663
mem_heap_B=0
mem_heap_extra_B=0
mem_stacks_B=716688
heap_tree=empty
#-----------
snapshot=42
#-----------
time=7691255446
mem_heap_B=0
mem_heap_extra_B=0
mem_stacks_B=864736
heap_tree=detailed
n0: 0 (heap allocation functions) malloc/new/new[], --alloc-fns, etc.
#-----------
snapshot=43
#-----------
time=7912939408
mem_heap_B=0
mem_heap_extra_B=0
mem_stacks_B=873408
heap_tree=detailed
n0: 0 (heap allocation functions) malloc/new/new[], --alloc-fns, etc.
#-----------
snapshot=44
#-----------
time=8141902870
mem_heap_B=0
mem_heap_extra_B=0
mem_stacks_B=882144
heap_tree=detailed
n0: 0 (heap allocation functions) malloc/new/new[], --alloc-fns, etc.
#-----------
snapshot=45
#-----------
time=8286026753
mem_heap_B=0
mem_heap_extra_B=0
mem_stacks_B=294128
heap_tree=empty
#-----------
snapshot=46
#-----------
time=8451202261
mem_heap_B=0
mem_heap_extra_B=0
mem_stacks_B=220400
heap_tree=empty
#-----------
snapshot=47
#-----------
time=8595326137
mem_heap_B=0
mem_heap_extra_B=0
mem_stacks_B=609608
heap_tree=empty
#-----------
snapshot=48
#-----------
time=8768964441
mem_heap_B=0
mem_heap_extra_B=0
mem_stacks_B=200968
heap_tree=empty
#-----------
snapshot=49
#-----------
time=8879194408
mem_heap_B=0
mem_heap_extra_B=0
mem_stacks_B=908928
heap_tree=detailed
n0: 0 (heap allocation functions) malloc/new/new[], --alloc-fns, etc.
#-----------
snapshot=50
#-----------
time=8989424381
mem_heap_B=0
mem_heap_extra_B=0
mem_stacks_B=678320
heap_tree=empty
#-----------
snapshot=51
#-----------
time=9099654351
mem_heap_B=0
mem_heap_extra_B=0
mem_stacks_B=685520
heap_tree=empty
#-----------
snapshot=52
#-----------
time=9142394758
mem_heap_B=0
mem_heap_extra_B=0
mem_stacks_B=918048
heap_tree=detailed
n0: 0 (heap allocation functions) malloc/new/new[], --alloc-fns, etc.
#-----------
snapshot=53
#-----------
time=9252624725
mem_heap_B=0
mem_heap_extra_B=0
mem_stacks_B=351560
heap_tree=empty
#-----------
snapshot=54
#-----------
time=9362854697
mem_heap_B=0
mem_heap_extra_B=0
mem_stacks_B=412840
heap_tree=empty
#-----------
snapshot=55
#-----------
time=9413680360
mem_heap_B=0
mem_heap_extra_B=0
mem_stacks_B=927232
heap_tree=detailed
n0: 0 (heap allocation functions) malloc/new/new[], --alloc-fns, etc.
#-----------
snapshot=56
#-----------
time=9523910329
mem_heap_B=0
mem_heap_extra_B=0
mem_stacks_B=470792
heap_tree=empty
#-----------
snapshot=57
#-----------
time=9634140297
mem_heap_B=0
mem_heap_extra_B=0
mem_stacks_B=233584
heap_tree=empty
#-----------
snapshot=58
#-----------
time=9694160240
mem_heap_B=0
mem_heap_extra_B=0
mem_stacks_B=936512
heap_tree=detailed
n0: 0 (heap allocation functions) malloc/new/new[], --alloc-fns, etc.
#-----------
snapshot=59
#-----------
time=9804390217
mem_heap_B=0
mem_heap_extra_B=0
mem_stacks_B=655280
heap_tree=empty
#-----------
snapshot=60
#-----------
time=9914620187
mem_heap_B=0
mem_heap_extra_B=0
mem_stacks_B=313168
heap_tree=empty
#-----------
snapshot=61
#-----------
time=9984032758
mem_heap_B=0
mem_heap_extra_B=0
mem_stacks_B=945888
heap_tree=detailed
n0: 0 (heap allocation functions) malloc/new/new[], --alloc-fns, etc.
#-----------
snapshot=62
#-----------
time=10094262729
mem_heap_B=0
mem_heap_extra_B=0
mem_stacks_B=388552
heap_tree=empty
#-----------
snapshot=63
#-----------
time=10204492697
mem_heap_B=0
mem_heap_extra_B=0
mem_stacks_B=147376
heap_tree=empty
#-----------
snapshot=64
#-----------
time=10283498326
mem_heap_B=0
mem_heap_extra_B=0
mem_stacks_B=955360
heap_tree=detailed
n0: 0 (heap allocation functions) malloc/new/new[], --alloc-fns, etc.
#-----------
snapshot=65
#-----------
time=10393728305
mem_heap_B=0
mem_heap_extra_B=0
mem_stacks_B=466224
heap_tree=empty
#-----------
snapshot=66
#-----------
time=10503958281
mem_heap_B=0
mem_heap_extra_B=0
mem_stacks_B=576456
heap_tree=empty
#-----------
snapshot=67
#-----------
time=10592759408
mem_heap_B=0
mem_heap_extra_B=0
mem_stacks_B=964928
heap_tree=detailed
n0: 0 (heap allocation functions) malloc/new/new[], --alloc-fns, etc.
#-----------
snapshot=68
#-----------
time=10702989375
mem_heap_B=0
mem_heap_extra_B=0
mem_stacks_B=946984
heap_tree=empty
#-----------
snapshot=69
#-----------
time=10813219347
mem_heap_B=0
mem_heap_extra_B=0
mem_stacks_B=603664
heap_tree=empty
#-----------
snapshot=70
#-----------
time=10912020520
mem_heap_B=0
mem_heap_extra_B=0
mem_stacks_B=974592
heap_tree=detailed
n0: 0 (heap allocation functions) malloc/new/new[], --alloc-fns, etc.
#-----------
snapshot=71
#-----------
time=11022250489
mem_heap_B=0
mem_heap_extra_B=0
mem_stacks_B=493352
heap_tree=empty
#-----------
snapshot=72
#-----------
time=11132480457
mem_heap_B=0
mem_heap_extra_B=0
mem_stacks_B=568008
heap_tree=empty
#-----------
snapshot=73
#-----------
time=11241488230
mem_heap_B=0
mem_heap_extra_B=0
mem_stacks_B=984352
heap_tree=detailed
n0: 0 (heap allocation functions) malloc/new/new[], --alloc-fns, etc.
#-----------
snapshot=74
#-----------
time=11351718211
mem_heap_B=0
mem_heap_extra_B=0
mem_stacks_B=126248
heap_tree=empty
#-----------
snapshot=75
#-----------
time=11461948181
mem_heap_B=0
mem_heap_extra_B=0
mem_stacks_B=150640
heap_tree=empty
#-----------
snapshot=76
#-----------
time=11572178153
mem_heap_B=0
mem_heap_extra_B=0
mem_stacks_B=446600
heap_tree=empty
#-----------
snapshot=77
#-----------
time=11581371158
mem_heap_B=0
mem_heap_extra_B=0
mem_stacks_B=994208
heap_tree=detailed
n0: 0 (heap allocation functions) malloc/new/new[], --alloc-fns, etc.
#-----------
snapshot=78
#-----------
time=11691601129
mem_heap_B=0
mem_heap_extra_B=0
mem_stacks_B=163184
heap_tree=empty
#-----------
snapshot=79
#-----------
time=11801831097
mem_heap_B=0
mem_heap_extra_B=0
mem_stacks_B=393904
heap_tree=empty
#-----------
snapshot=80
#-----------
time=11912061065
mem_heap_B=0
mem_heap_extra_B=0
mem_stacks_B=64936
heap_tree=empty
#-----------
snapshot=81
#-----------
time=11931879976
mem_heap_B=0
mem_heap_extra_B=0
mem_stacks_B=1004160
heap_tree=detailed
n0: 0 (heap allocation functions) malloc/new/new[], --alloc-fns, etc.
#-----------
snapshot=82
#-----------
time=12042109943
mem_heap_B=0
mem_heap_extra_B=0
mem_stacks_B=207824
heap_tree=empty
#-----------
snapshot=83
#-----------
time=12152339911
mem_heap_B=0
mem_heap_extra_B=0
mem_stacks_B=430288
heap_tree=empty
#-----------
snapshot=84
#-----------
time=12262569883
mem_heap_B=0
mem_heap_extra_B=0
mem_stacks_B=108392
heap_tree=empty
#-----------
snapshot=85
#-----------
time=12293227408
mem_heap_B=0
mem_heap_extra_B=0
mem_stacks_B=1014208
heap_tree=detailed
n0: 0 (heap allocation functions) malloc/new/new[], --alloc-fns, etc.
#-----------
snapshot=86
#-----------
time=12403457375
mem_heap_B=0
mem_heap_extra_B=0
mem_stacks_B=146600
heap_tree=empty
#-----------
snapshot=87
#-----------
time=12513687355
mem_heap_B=0
mem_heap_extra_B=0
mem_stacks_B=255824
heap_tree=empty
#-----------
snapshot=88
#-----------
time=12623917323
mem_heap_B=0
mem_heap_extra_B=0
mem_stacks_B=585160
heap_tree=empty
#-----------
snapshot=89
#-----------
time=12665628230
mem_heap_B=0
mem_heap_extra_B=0
mem_stacks_B=1024352
heap_tree=detailed
n0: 0 (heap allocation functions) malloc/new/new[], --alloc-fns, etc.
#-----------
snapshot=90
#-----------
time=12775858203
mem_heap_B=0
mem_heap_extra_B=0
mem_stacks_B=82920
heap_tree=empty
#-----------
snapshot=91
#-----------
time=12886088171
mem_heap_B=0
mem_heap_extra_B=0
mem_stacks_B=228616
heap_tree=empty
#-----------
snapshot=92
#-----------
time=12996318145
mem_heap_B=0
mem_heap_extra_B=0
mem_stacks_B=691184
heap_tree=empty
#-----------
snapshot=93
#-----------
time=13050510440
mem_heap_B=0
mem_heap_extra_B=0
mem_stacks_B=1034624
heap_tree=detailed
n0: 0 (heap allocation functions) malloc/new/new[], --alloc-fns, etc.
#-----------
snapshot=94
#-----------
time=13160740409
mem_heap_B=0
mem_heap_extra_B=0
mem_stacks_B=428264
heap_tree=empty
#-----------
snapshot=95
#-----------
time=13270970377
mem_heap_B=0
mem_heap_extra_B=0
mem_stacks_B=1013160
heap_tree=empty
#-----------
snapshot=96
#-----------
time=13381200345
mem_heap_B=0
mem_heap_extra_B=0
mem_stacks_B=366856
heap_tree=empty
#-----------
snapshot=97
#-----------
time=13446930920
mem_heap_B=0
mem_heap_extra_B=0
mem_stacks_B=1044992
heap_tree=peak
n0: 0 (heap allocation functions) malloc/new/new[], --alloc-fns, etc.
#-----------
snapshot=98
#-----------
time=13557160889
mem_heap_B=0
mem_heap_extra_B=0
mem_stacks_B=927688
heap_tree=empty
