desc: --stacks=yes
cmd: ./ackermann
time_unit: i
#-----------
snapshot=0
#-----------
time=0
mem_heap_B=0
mem_heap_extra_B=0
mem_stacks_B=0
heap_tree=empty
#-----------
snapshot=1
#-----------
time=874200450
mem_heap_B=0
mem_heap_extra_B=0
mem_stacks_B=288352
heap_tree=detailed
n0: 0 (heap allocation functions) malloc/new/new[], --alloc-fns, etc.
#-----------
snapshot=2
#-----------
time=1436727085
mem_heap_B=0
mem_heap_extra_B=0
mem_stacks_B=306728
heap_tree=empty
#-----------
snapshot=3
#-----------
time=2154642819
mem_heap_B=0
mem_heap_extra_B=0
mem_stacks_B=184272
heap_tree=empty
#-----------
snapshot=4
#-----------
time=2666519981
mem_heap_B=0
mem_heap_extra_B=0
mem_stacks_B=312616
heap_tree=empty
#-----------
snapshot=5
#-----------
time=3794780239
mem_heap_B=0
mem_heap_extra_B=0
mem_stacks_B=600592
heap_tree=empty
#-----------
snapshot=6
#-----------
time=4599426125
mem_heap_B=0
mem_heap_extra_B=0
mem_stacks_B=441008
heap_tree=empty
#-----------
snapshot=7
#-----------
time=5117370725
mem_heap_B=0
mem_heap_extra_B=0
mem_stacks_B=340272
heap_tree=empty
#-----------
snapshot=8
#-----------
time=5997660021
mem_heap_B=0
mem_heap_extra_B=0
mem_stacks_B=307632
heap_tree=empty
#-----------
snapshot=9
#-----------
time=6580836779
mem_heap_B=0
mem_heap_extra_B=0
mem_stacks_B=296528
heap_tree=empty
#-----------
snapshot=10
#-----------
time=7265023081
mem_heap_B=0
mem_heap_extra_B=0
mem_stacks_B=320688
heap_tree=empty
#-----------
snapshot=11
#-----------
time=7911311788
mem_heap_B=0
mem_heap_extra_B=0
mem_stacks_B=873408
heap_tree=detailed
n0: 0 (heap allocation functions) malloc/new/new[], --alloc-fns, etc.
#-----------
snapshot=12
#-----------
time=8479597991
mem_heap_B=0
mem_heap_extra_B=0
mem_stacks_B=637096
heap_tree=empty
#-----------
snapshot=13
#-----------
time=9242723839
mem_heap_B=0
mem_heap_extra_B=0
mem_stacks_B=703080
heap_tree=empty
#-----------
snapshot=14
#-----------
time=9982060858
mem_heap_B=0
mem_heap_extra_B=0
mem_stacks_B=945888
heap_tree=detailed
n0: 0 (heap allocation functions) malloc/new/new[], --alloc-fns, etc.
#-----------
snapshot=15
#-----------
time=10909912276
mem_heap_B=0
mem_heap_extra_B=0
mem_stacks_B=974592
heap_tree=detailed
n0: 0 (heap allocation functions) malloc/new/new[], --alloc-fns, etc.
#-----------
snapshot=16
#-----------
time=11443671101
mem_heap_B=0
mem_heap_extra_B=0
mem_stacks_B=938440
heap_tree=empty
#-----------
snapshot=17
#-----------
time=12290930988
mem_heap_B=0
mem_heap_extra_B=0
mem_stacks_B=1014208
heap_tree=detailed
n0: 0 (heap allocation functions) malloc/new/new[], --alloc-fns, etc.
#-----------
snapshot=18
#-----------
time=13319817917
mem_heap_B=0
mem_heap_extra_B=0
mem_stacks_B=533128
heap_tree=empty
#-----------
snapshot=19
#-----------
time=14107036926
mem_heap_B=0
mem_heap_extra_B=0
mem_stacks_B=1166048
heap_tree=detailed
n0: 0 (heap allocation functions) malloc/new/new[], --alloc-fns, etc.
#-----------
snapshot=20
#-----------
time=15238514183
mem_heap_B=0
mem_heap_extra_B=0
mem_stacks_B=1213960
heap_tree=empty
#-----------
snapshot=21
#-----------
time=16093702999
mem_heap_B=0
mem_heap_extra_B=0
mem_stacks_B=899336
heap_tree=empty
#-----------
snapshot=22
#-----------
time=16609010279
mem_heap_B=0
mem_heap_extra_B=0
mem_stacks_B=1199120
heap_tree=empty
#-----------
snapshot=23
#-----------
time=17557706967
mem_heap_B=0
mem_heap_extra_B=0
mem_stacks_B=829384
heap_tree=empty
#-----------
snapshot=24
#-----------
time=18236532485
mem_heap_B=0
mem_heap_extra_B=0
mem_stacks_B=1309040
heap_tree=empty
#-----------
snapshot=25
#-----------
time=18986663911
mem_heap_B=0
mem_heap_extra_B=0
mem_stacks_B=1424072
heap_tree=empty
#-----------
snapshot=26
#-----------
time=20005273481
mem_heap_B=0
mem_heap_extra_B=0
mem_stacks_B=1144456
heap_tree=empty
#-----------
snapshot=27
#-----------
time=20524768918
mem_heap_B=0
mem_heap_extra_B=0
mem_stacks_B=1480992
heap_tree=detailed
n0: 0 (heap allocation functions) malloc/new/new[], --alloc-fns, etc.
#-----------
snapshot=28
#-----------
time=21200802601
mem_heap_B=0
mem_heap_extra_B=0
mem_stacks_B=689416
heap_tree=empty
#-----------
snapshot=29
#-----------
time=21705795201
mem_heap_B=0
mem_heap_extra_B=0
mem_stacks_B=931752
heap_tree=empty
#-----------
snapshot=30
#-----------
time=22425912887
mem_heap_B=0
mem_heap_extra_B=0
mem_stacks_B=679784
heap_tree=empty
#-----------
snapshot=31
#-----------
time=23161560276
mem_heap_B=0
mem_heap_extra_B=0
mem_stacks_B=1556608
heap_tree=detailed
n0: 0 (heap allocation functions) malloc/new/new[], --alloc-fns, etc.
#-----------
snapshot=32
#-----------
time=24143361771
mem_heap_B=0
mem_heap_extra_B=0
mem_stacks_B=780688
heap_tree=empty
#-----------
snapshot=33
#-----------
time=24763954839
mem_heap_B=0
mem_heap_extra_B=0
mem_stacks_B=590088
heap_tree=empty
#-----------
snapshot=34
#-----------
time=25695030148
mem_heap_B=0
mem_heap_extra_B=0
mem_stacks_B=1619904
heap_tree=detailed
n0: 0 (heap allocation functions) malloc/new/new[], --alloc-fns, etc.
#-----------
snapshot=35
#-----------
time=26392283926
mem_heap_B=0
mem_heap_extra_B=0
mem_stacks_B=1636128
heap_tree=detailed
n0: 0 (heap allocation functions) malloc/new/new[], --alloc-fns, etc.
#-----------
snapshot=36
#-----------
time=26912174921
mem_heap_B=0
mem_heap_extra_B=0
mem_stacks_B=1445744
heap_tree=empty
#-----------
snapshot=37
#-----------
time=27867480964
mem_heap_B=0
mem_heap_extra_B=0
mem_stacks_B=1669056
heap_tree=detailed
n0: 0 (heap allocation functions) malloc/new/new[], --alloc-fns, etc.
#-----------
snapshot=38
#-----------
time=28906542769
mem_heap_B=0
mem_heap_extra_B=0
mem_stacks_B=1379056
heap_tree=empty
#-----------
snapshot=39
#-----------
time=29454183678
mem_heap_B=0
mem_heap_extra_B=0
mem_stacks_B=1702624
heap_tree=detailed
n0: 0 (heap allocation functions) malloc/new/new[], --alloc-fns, etc.
#-----------
snapshot=40
#-----------
time=30292433844
mem_heap_B=0
mem_heap_extra_B=0
mem_stacks_B=1719680
heap_tree=detailed
n0: 0 (heap allocation functions) malloc/new/new[], --alloc-fns, etc.
#-----------
snapshot=41
#-----------
time=30812324839
mem_heap_B=0
mem_heap_extra_B=0
mem_stacks_B=1298376
heap_tree=empty
#-----------
snapshot=42
#-----------
time=31680334023
mem_heap_B=0
mem_heap_extra_B=0
mem_stacks_B=1350504
heap_tree=empty
#-----------
snapshot=43
#-----------
time=32578715575
mem_heap_B=0
mem_heap_extra_B=0
mem_stacks_B=1252624
heap_tree=empty
#-----------
snapshot=44
#-----------
time=32989914324
mem_heap_B=0
mem_heap_extra_B=0
mem_stacks_B=1771840
heap_tree=detailed
n0: 0 (heap allocation functions) malloc/new/new[], --alloc-fns, etc.
#-----------
snapshot=45
#-----------
time=33769750807
mem_heap_B=0
mem_heap_extra_B=0
mem_stacks_B=916808
heap_tree=empty
#-----------
snapshot=46
#-----------
time=34472595255
mem_heap_B=0
mem_heap_extra_B=0
mem_stacks_B=755080
heap_tree=empty
#-----------
snapshot=47
#-----------
time=35469518465
mem_heap_B=0
mem_heap_extra_B=0
mem_stacks_B=1277608
heap_tree=empty
#-----------
snapshot=48
#-----------
time=35979605526
mem_heap_B=0
mem_heap_extra_B=0
mem_stacks_B=1825568
heap_tree=detailed
n0: 0 (heap allocation functions) malloc/new/new[], --alloc-fns, etc.
#-----------
snapshot=49
#-----------
time=37019387483
mem_heap_B=0
mem_heap_extra_B=0
mem_stacks_B=913296
heap_tree=empty
#-----------
snapshot=50
#-----------
time=37045170324
mem_heap_B=0
mem_heap_extra_B=0
mem_stacks_B=1843840
heap_tree=detailed
n0: 0 (heap allocation functions) malloc/new/new[], --alloc-fns, etc.
#-----------
snapshot=51
#-----------
time=37456369081
mem_heap_B=0
mem_heap_extra_B=0
mem_stacks_B=1348712
heap_tree=empty
#-----------
snapshot=52
#-----------
time=37867567831
mem_heap_B=0
mem_heap_extra_B=0
mem_stacks_B=1378952
heap_tree=empty
#-----------
snapshot=53
#-----------
time=38147102998
mem_heap_B=0
mem_heap_extra_B=0
mem_stacks_B=1862304
heap_tree=detailed
n0: 0 (heap allocation functions) malloc/new/new[], --alloc-fns, etc.
#-----------
snapshot=54
#-----------
time=38558301753
mem_heap_B=0
mem_heap_extra_B=0
mem_stacks_B=1815144
heap_tree=empty
#-----------
snapshot=55
#-----------
time=38969500507
mem_heap_B=0
mem_heap_extra_B=0
mem_stacks_B=1209616
heap_tree=empty
#-----------
snapshot=56
#-----------
time=39284216926
mem_heap_B=0
mem_heap_extra_B=0
mem_stacks_B=1880928
heap_tree=detailed
n0: 0 (heap allocation functions) malloc/new/new[], --alloc-fns, etc.
#-----------
snapshot=57
#-----------
time=39695415675
mem_heap_B=0
mem_heap_extra_B=0
mem_stacks_B=1080168
heap_tree=empty
#-----------
snapshot=58
#-----------
time=40106614439
mem_heap_B=0
mem_heap_extra_B=0
mem_stacks_B=1616008
heap_tree=empty
#-----------
snapshot=59
#-----------
time=40459196158
mem_heap_B=0
mem_heap_extra_B=0
mem_stacks_B=1899744
heap_tree=detailed
n0: 0 (heap allocation functions) malloc/new/new[], --alloc-fns, etc.
#-----------
snapshot=60
#-----------
time=40870394919
mem_heap_B=0
mem_heap_extra_B=0
mem_stacks_B=805032
heap_tree=empty
#-----------
snapshot=61
#-----------
time=41281593681
mem_heap_B=0
mem_heap_extra_B=0
mem_stacks_B=1652040
heap_tree=empty
#-----------
snapshot=62
#-----------
time=41672845078
mem_heap_B=0
mem_heap_extra_B=0
mem_stacks_B=1918752
heap_tree=detailed
n0: 0 (heap allocation functions) malloc/new/new[], --alloc-fns, etc.
#-----------
snapshot=63
#-----------
time=42084043829
mem_heap_B=0
mem_heap_extra_B=0
mem_stacks_B=921264
heap_tree=empty
#-----------
snapshot=64
#-----------
time=42495242587
mem_heap_B=0
mem_heap_extra_B=0
mem_stacks_B=1209168
heap_tree=empty
#-----------
snapshot=65
#-----------
time=42906441351
mem_heap_B=0
mem_heap_extra_B=0
mem_stacks_B=865992
heap_tree=empty
#-----------
snapshot=66
#-----------
time=42925976278
mem_heap_B=0
mem_heap_extra_B=0
mem_stacks_B=1937952
heap_tree=detailed
n0: 0 (heap allocation functions) malloc/new/new[], --alloc-fns, etc.
#-----------
snapshot=67
#-----------
time=43337175033
mem_heap_B=0
mem_heap_extra_B=0
mem_stacks_B=1702256
heap_tree=empty
#-----------
snapshot=68
#-----------
time=43748373783
mem_heap_B=0
mem_heap_extra_B=0
mem_stacks_B=1176456
heap_tree=empty
#-----------
snapshot=69
#-----------
time=44159572543
mem_heap_B=0
mem_heap_extra_B=0
mem_stacks_B=1171536
heap_tree=empty
#-----------
snapshot=70
#-----------
time=44219410558
mem_heap_B=0
mem_heap_extra_B=0
mem_stacks_B=1957344
heap_tree=detailed
n0: 0 (heap allocation functions) malloc/new/new[], --alloc-fns, etc.
#-----------
snapshot=71
#-----------
time=44630609321
mem_heap_B=0
mem_heap_extra_B=0
mem_stacks_B=1802312
heap_tree=empty
#-----------
snapshot=72
#-----------
time=45041808071
mem_heap_B=0
mem_heap_extra_B=0
mem_stacks_B=532520
heap_tree=empty
#-----------
snapshot=73
#-----------
time=45453006823
mem_heap_B=0
mem_heap_extra_B=0
mem_stacks_B=1495696
heap_tree=empty
#-----------
snapshot=74
#-----------
time=45553976926
mem_heap_B=0
mem_heap_extra_B=0
mem_stacks_B=1976928
heap_tree=detailed
n0: 0 (heap allocation functions) malloc/new/new[], --alloc-fns, etc.
#-----------
snapshot=75
#-----------
time=45965175689
mem_heap_B=0
mem_heap_extra_B=0
mem_stacks_B=1892872
heap_tree=empty
#-----------
snapshot=76
#-----------
time=46376374439
mem_heap_B=0
mem_heap_extra_B=0
mem_stacks_B=1014472
heap_tree=empty
#-----------
snapshot=77
#-----------
time=46787573189
mem_heap_B=0
mem_heap_extra_B=0
mem_stacks_B=595696
heap_tree=empty
#-----------
snapshot=78
#-----------
time=46930512598
mem_heap_B=0
mem_heap_extra_B=0
mem_stacks_B=1996704
heap_tree=detailed
n0: 0 (heap allocation functions) malloc/new/new[], --alloc-fns, etc.
#-----------
snapshot=79
#-----------
time=47341711359
mem_heap_B=0
mem_heap_extra_B=0
mem_stacks_B=1597520
heap_tree=empty
#-----------
snapshot=80
#-----------
time=47752910109
mem_heap_B=0
mem_heap_extra_B=0
mem_stacks_B=1545840
heap_tree=empty
#-----------
snapshot=81
#-----------
time=48164108859
mem_heap_B=0
mem_heap_extra_B=0
mem_stacks_B=1781584
heap_tree=empty
#-----------
snapshot=82
#-----------
time=48349862998
mem_heap_B=0
mem_heap_extra_B=0
mem_stacks_B=2016672
heap_tree=detailed
n0: 0 (heap allocation functions) malloc/new/new[], --alloc-fns, etc.
#-----------
snapshot=83
#-----------
time=48761061751
mem_heap_B=0
mem_heap_extra_B=0
mem_stacks_B=720208
heap_tree=empty
#-----------
snapshot=84
#-----------
time=49172260505
mem_heap_B=0
mem_heap_extra_B=0
mem_stacks_B=793000
heap_tree=empty
#-----------
snapshot=85
#-----------
time=49583459265
mem_heap_B=0
mem_heap_extra_B=0
mem_stacks_B=1830960
heap_tree=empty
#-----------
snapshot=86
#-----------
time=49815227988
mem_heap_B=0
mem_heap_extra_B=0
mem_stacks_B=2036864
heap_tree=detailed
n0: 0 (heap allocation functions) malloc/new/new[], --alloc-fns, etc.
#-----------
snapshot=87
#-----------
time=50226426737
mem_heap_B=0
mem_heap_extra_B=0
mem_stacks_B=918664
heap_tree=empty
#-----------
snapshot=88
#-----------
time=50637625487
mem_heap_B=0
mem_heap_extra_B=0
mem_stacks_B=165392
heap_tree=empty
#-----------
snapshot=89
#-----------
time=51048824239
mem_heap_B=0
mem_heap_extra_B=0
mem_stacks_B=779536
heap_tree=empty
#-----------
snapshot=90
#-----------
time=51325219926
mem_heap_B=0
mem_heap_extra_B=0
mem_stacks_B=2057248
heap_tree=detailed
n0: 0 (heap allocation functions) malloc/new/new[], --alloc-fns, etc.
#-----------
snapshot=91
#-----------
time=51736418687
mem_heap_B=0
mem_heap_extra_B=0
mem_stacks_B=1193872
heap_tree=empty
#-----------
snapshot=92
#-----------
time=52147617437
mem_heap_B=0
mem_heap_extra_B=0
mem_stacks_B=42032
heap_tree=empty
#-----------
snapshot=93
#-----------
time=52558816199
mem_heap_B=0
mem_heap_extra_B=0
mem_stacks_B=2057992
heap_tree=empty
#-----------
snapshot=94
#-----------
time=52880710228
mem_heap_B=0
mem_heap_extra_B=0
mem_stacks_B=2077824
heap_tree=peak
n0: 0 (heap allocation functions) malloc/new/new[], --alloc-fns, etc.
#-----------
snapshot=95
#-----------
time=53291908983
mem_heap_B=0
mem_heap_extra_B=0
mem_stacks_B=1303560
heap_tree=empty
#-----------
snapshot=96
#-----------
time=53703107745
mem_heap_B=0
mem_heap_extra_B=0
mem_stacks_B=1177320
heap_tree=empty
#-----------
snapshot=97
#-----------
time=54114306505
mem_heap_B=0
mem_heap_extra_B=0
mem_stacks_B=1775240
heap_tree=empty
